<?xml version="1.0" encoding="UTF-8"?>
<testng-results skipped="0" failed="0" total="1" passed="1">
  <reporter-output>
  </reporter-output>
  <suite name="Default suite" duration-ms="33282" started-at="2016-12-22T03:52:02Z" finished-at="2016-12-22T03:52:35Z">
    <groups>
    </groups>
    <test name="Default test" duration-ms="33282" started-at="2016-12-22T03:52:02Z" finished-at="2016-12-22T03:52:35Z">
      <class name="Testcase.TestURL">
        <test-method status="PASS" signature="TestBefore()[pri:0, instance:Testcase.TestURL@3c0ecd4b]" name="TestBefore" is-config="true" duration-ms="22117" started-at="2016-12-21T22:52:02Z" finished-at="2016-12-21T22:52:24Z">
          <reporter-output>
          </reporter-output>
        </test-method> <!-- TestBefore -->
        <test-method status="PASS" signature="RIPC_Login()[pri:0, instance:Testcase.TestURL@3c0ecd4b]" name="RIPC_Login" duration-ms="11144" started-at="2016-12-21T22:52:24Z" finished-at="2016-12-21T22:52:35Z">
          <reporter-output>
          </reporter-output>
        </test-method> <!-- RIPC_Login -->
      </class> <!-- Testcase.TestURL -->
    </test> <!-- Default test -->
  </suite> <!-- Default suite -->
</testng-results>
