<?xml version="1.0" encoding="UTF-8"?>
<testng-results skipped="0" failed="0" total="1" passed="1">
  <reporter-output>
  </reporter-output>
  <suite name="Default suite" duration-ms="47" started-at="2017-03-30T08:24:26Z" finished-at="2017-03-30T08:24:26Z">
    <groups>
    </groups>
    <test name="Default test" duration-ms="47" started-at="2017-03-30T08:24:26Z" finished-at="2017-03-30T08:24:26Z">
      <class name="testCase4.NewTest4">
        <test-method status="PASS" signature="f()[pri:0, instance:testCase4.NewTest4@5afa04c]" name="f" duration-ms="15" started-at="2017-03-30T13:54:26Z" finished-at="2017-03-30T13:54:26Z">
          <reporter-output>
          </reporter-output>
        </test-method> <!-- f -->
      </class> <!-- testCase4.NewTest4 -->
    </test> <!-- Default test -->
  </suite> <!-- Default suite -->
</testng-results>
